==16579== Memcheck, a memory error detector
==16579== Copyright (C) 2002-2017, and GNU GPL'd, by Julian Seward et al.
==16579== Using Valgrind-3.17.0 and LibVEX; rerun with -h for copyright info
==16579== Command: ./yshell
==16579== 
yshell: Bad: no such command
yshell: #: no such command
yshell: #: no such command
yshell: #: no such command
==16579== 
==16579== HEAP SUMMARY:
==16579==     in use at exit: 277 bytes in 6 blocks
==16579==   total heap usage: 218 allocs, 212 frees, 7,770 bytes allocated
==16579== 
==16579== 277 (40 direct, 237 indirect) bytes in 1 blocks are definitely lost in loss record 6 of 6
==16579==    at 0x4C2B788: operator new(unsigned long) (vg_replace_malloc.c:417)
==16579==    by 0x41039B: __gnu_cxx::new_allocator<std::_Sp_counted_ptr_inplace<inode, std::allocator<inode>, (__gnu_cxx::_Lock_policy)2> >::allocate(unsigned long, void const*) (new_allocator.h:127)
==16579==    by 0x40F9C0: allocate (allocator.h:197)
==16579==    by 0x40F9C0: std::allocator_traits<std::allocator<std::_Sp_counted_ptr_inplace<inode, std::allocator<inode>, (__gnu_cxx::_Lock_policy)2> > >::allocate(std::allocator<std::_Sp_counted_ptr_inplace<inode, std::allocator<inode>, (__gnu_cxx::_Lock_policy)2> >&, unsigned long) (alloc_traits.h:460)
==16579==    by 0x40F357: std::__allocated_ptr<std::allocator<std::_Sp_counted_ptr_inplace<inode, std::allocator<inode>, (__gnu_cxx::_Lock_policy)2> > > std::__allocate_guarded<std::allocator<std::_Sp_counted_ptr_inplace<inode, std::allocator<inode>, (__gnu_cxx::_Lock_policy)2> > >(std::allocator<std::_Sp_counted_ptr_inplace<inode, std::allocator<inode>, (__gnu_cxx::_Lock_policy)2> >&) (allocated_ptr.h:97)
==16579==    by 0x40EF48: std::__shared_count<(__gnu_cxx::_Lock_policy)2>::__shared_count<inode, std::allocator<inode>, file_type>(inode*&, std::_Sp_alloc_shared_tag<std::allocator<inode> >, file_type&&) (shared_ptr_base.h:648)
==16579==    by 0x40ED4B: std::__shared_ptr<inode, (__gnu_cxx::_Lock_policy)2>::__shared_ptr<std::allocator<inode>, file_type>(std::_Sp_alloc_shared_tag<std::allocator<inode> >, file_type&&) (shared_ptr_base.h:1342)
==16579==    by 0x40E94A: std::shared_ptr<inode>::shared_ptr<std::allocator<inode>, file_type>(std::_Sp_alloc_shared_tag<std::allocator<inode> >, file_type&&) (shared_ptr.h:409)
==16579==    by 0x40E402: std::shared_ptr<inode> std::allocate_shared<inode, std::allocator<inode>, file_type>(std::allocator<inode> const&, file_type&&) (shared_ptr.h:863)
==16579==    by 0x40DCEA: std::shared_ptr<inode> std::make_shared<inode, file_type>(file_type&&) (shared_ptr.h:879)
==16579==    by 0x40CC8D: inode_state::inode_state() (file_sys.cpp:47)
==16579==    by 0x412B40: main (main.cpp:49)
==16579== 
==16579== LEAK SUMMARY:
==16579==    definitely lost: 40 bytes in 1 blocks
==16579==    indirectly lost: 237 bytes in 5 blocks
==16579==      possibly lost: 0 bytes in 0 blocks
==16579==    still reachable: 0 bytes in 0 blocks
==16579==         suppressed: 0 bytes in 0 blocks
==16579== 
==16579== For lists of detected and suppressed errors, rerun with: -s
==16579== ERROR SUMMARY: 1 errors from 1 contexts (suppressed: 0 from 0)
